lib_pullalive/build/intermediates/manifest_merge_blame_file/debug/manifest-merger-blame-debug-report.txt
1<?xml version="1.0" encoding="utf-8"?>
2<manifest xmlns:android="http://schemas.android.com/apk/res/android"
3    package="com.lianjia.pullalive" >
4
5    <uses-sdk android:minSdkVersion="21" />
5-->src\main\AndroidManifest.xml
6
7    <!-- 启动 -->
8    <uses-permission android:name="android.permission.RECEIVE_BOOT_COMPLETED" />
8-->src\main\AndroidManifest.xml:6:3-79
8-->src\main\AndroidManifest.xml:6:20-76
9    <uses-permission android:name="android.permission.AUTHENTICATE_ACCOUNTS" />
9-->src\main\AndroidManifest.xml:7:3-78
9-->src\main\AndroidManifest.xml:7:20-75
10    <uses-permission android:name="android.permission.GET_ACCOUNTS" />
10-->src\main\AndroidManifest.xml:8:3-69
10-->src\main\AndroidManifest.xml:8:20-66
11    <uses-permission android:name="android.permission.MANAGE_ACCOUNTS" />
11-->src\main\AndroidManifest.xml:9:3-72
11-->src\main\AndroidManifest.xml:9:20-69
12    <uses-permission android:name="android.permission.READ_EXTERNAL_STORAGE" />
12-->src\main\AndroidManifest.xml:10:3-78
12-->src\main\AndroidManifest.xml:10:20-75
13    <uses-permission android:name="android.permission.READ_SYNC_SETTINGS" />
13-->src\main\AndroidManifest.xml:11:3-75
13-->src\main\AndroidManifest.xml:11:20-72
14    <uses-permission android:name="android.permission.WRITE_SYNC_SETTINGS" />
14-->src\main\AndroidManifest.xml:12:3-76
14-->src\main\AndroidManifest.xml:12:20-73
15
16    <application android:label="@string/app_name" >
16-->src\main\AndroidManifest.xml:14:3-62:17
16-->src\main\AndroidManifest.xml:14:16-48
17        <service
17-->src\main\AndroidManifest.xml:16:5-25:15
18            android:name="com.lianjia.pullalive.accountsync.AuthenticationService"
18-->src\main\AndroidManifest.xml:17:7-77
19            android:exported="false" >
19-->src\main\AndroidManifest.xml:18:7-31
20            <intent-filter>
20-->src\main\AndroidManifest.xml:19:7-21:23
21                <action android:name="android.accounts.AccountAuthenticator" />
21-->src\main\AndroidManifest.xml:20:9-72
21-->src\main\AndroidManifest.xml:20:17-69
22            </intent-filter>
23
24            <meta-data
24-->src\main\AndroidManifest.xml:22:7-24:49
25                android:name="android.accounts.AccountAuthenticator"
25-->src\main\AndroidManifest.xml:23:9-61
26                android:resource="@xml/authenticator" />
26-->src\main\AndroidManifest.xml:24:9-46
27        </service>
28        <service
28-->src\main\AndroidManifest.xml:27:5-37:15
29            android:name="com.lianjia.pullalive.accountsync.SyncService"
29-->src\main\AndroidManifest.xml:28:7-67
30            android:exported="false"
30-->src\main\AndroidManifest.xml:29:7-31
31            android:label="@string/app_name_pullalive" >
31-->src\main\AndroidManifest.xml:30:7-49
32            <intent-filter>
32-->src\main\AndroidManifest.xml:31:7-33:23
33                <action android:name="android.content.SyncAdapter" />
33-->src\main\AndroidManifest.xml:32:9-62
33-->src\main\AndroidManifest.xml:32:17-59
34            </intent-filter>
35
36            <meta-data
36-->src\main\AndroidManifest.xml:34:7-36:47
37                android:name="android.content.SyncAdapter"
37-->src\main\AndroidManifest.xml:35:9-51
38                android:resource="@xml/syncadapter" />
38-->src\main\AndroidManifest.xml:36:9-44
39        </service>
40
41        <provider
41-->src\main\AndroidManifest.xml:39:5-44:42
42            android:name="com.lianjia.pullalive.accountsync.SyncProvider"
42-->src\main\AndroidManifest.xml:40:7-68
43            android:authorities="com.youdu.accountsync.syncprovider"
43-->src\main\AndroidManifest.xml:41:7-63
44            android:exported="false"
44-->src\main\AndroidManifest.xml:42:7-31
45            android:label="@string/app_name_pullalive"
45-->src\main\AndroidManifest.xml:43:7-49
46            android:syncable="true" />
46-->src\main\AndroidManifest.xml:44:7-30
47
48        <service
48-->src\main\AndroidManifest.xml:46:5-50:74
49            android:name="com.lianjia.pullalive.jobscheduler.PLJobService"
49-->src\main\AndroidManifest.xml:47:7-69
50            android:enabled="false"
50-->src\main\AndroidManifest.xml:48:7-30
51            android:exported="false"
51-->src\main\AndroidManifest.xml:49:7-31
52            android:permission="android.permission.BIND_JOB_SERVICE" />
52-->src\main\AndroidManifest.xml:50:7-63
53        <service
53-->src\main\AndroidManifest.xml:52:5-60:15
54            android:name="com.lianjia.pullalive.nl.NLService"
54-->src\main\AndroidManifest.xml:53:7-56
55            android:exported="false"
55-->src\main\AndroidManifest.xml:54:7-31
56            android:label="@string/app_name_pullalive"
56-->src\main\AndroidManifest.xml:55:7-49
57            android:permission="android.permission.BIND_NOTIFICATION_LISTENER_SERVICE" >
57-->src\main\AndroidManifest.xml:56:7-81
58            <intent-filter>
58-->src\main\AndroidManifest.xml:57:7-59:23
59                <action android:name="android.service.notification.NotificationListenerService" />
59-->src\main\AndroidManifest.xml:58:9-91
59-->src\main\AndroidManifest.xml:58:17-88
60            </intent-filter>
61        </service>
62    </application>
63
64</manifest>